<?xml version="1.0" encoding="UTF-8"?>
<!-- Generated by org.testng.reporters.JUnitXMLReporter -->
<testsuite hostname="MySystem" ignored="0" name="Default test" tests="5" failures="0" timestamp="06 Jun 2019 16:50:13 GMT" time="139.214" errors="0">
  <testcase name="AfterLoginTitle" time="0.068" classname="com.qa.freecrm.TestCases.DealTest"/>
  <testcase name="MousetoDeal" time="2.356" classname="com.qa.freecrm.TestCases.DealTest"/>
  <testcase name="ClickProductTest" time="5.735" classname="com.qa.freecrm.TestCases.DealTest"/>
  <testcase name="EnternameTest" time="5.323" classname="com.qa.freecrm.TestCases.DealTest"/>
  <testcase name="SaveTest" time="8.581" classname="com.qa.freecrm.TestCases.DealTest"/>
</testsuite> <!-- Default test -->
